    2022-12-17 01:04:16 INFO  Menu:67 - Wybrano poziom 2
2022-12-17 01:04:41 INFO  Menu:67 - Wybrano poziom 2
2022-12-17 01:34:52 INFO  Menu:67 - Wybrano poziom 2
2022-12-17 18:55:13 INFO  Menu:67 - Wybrano poziom 2
2022-12-17 20:53:23 INFO  Menu:67 - Wybrano poziom 2
2022-12-17 20:54:18 INFO  Menu:67 - Wybrano poziom 2
2022-12-17 20:54:44 INFO  Menu:67 - Wybrano poziom 2
2022-12-17 20:57:12 INFO  Menu:67 - Wybrano poziom 2
2022-12-17 21:00:27 INFO  Menu:67 - Wybrano poziom 2
2022-12-17 22:07:14 INFO  Menu:67 - Wybrano poziom 2
2022-12-17 22:07:19 ERROR Menu:156 - Blad ladowania gry, sprobuj ponownie.
org.example.GameBuildFailException: buildGameError
	at ModelProject@2.0-SNAPSHOT/org.example.FileSudokuBoardDao.loadBoards(FileSudokuBoardDao.java:72)
	at com.example.javafxview/com.example.javafxview.GameForm.wczytajGre(GameForm.java:183)
	at com.example.javafxview/com.example.javafxview.Menu.wczytajGre(Menu.java:151)
	at java.base/jdk.internal.reflect.NativeMethodAccessorImpl.invoke0(Native Method)
	at java.base/jdk.internal.reflect.NativeMethodAccessorImpl.invoke(NativeMethodAccessorImpl.java:77)
	at java.base/jdk.internal.reflect.DelegatingMethodAccessorImpl.invoke(DelegatingMethodAccessorImpl.java:43)
	at java.base/java.lang.reflect.Method.invoke(Method.java:568)
	at com.sun.javafx.reflect.Trampoline.invoke(MethodUtil.java:77)
	at jdk.internal.reflect.GeneratedMethodAccessor2.invoke(Unknown Source)
	at java.base/jdk.internal.reflect.DelegatingMethodAccessorImpl.invoke(DelegatingMethodAccessorImpl.java:43)
	at java.base/java.lang.reflect.Method.invoke(Method.java:568)
	at javafx.base@19/com.sun.javafx.reflect.MethodUtil.invoke(MethodUtil.java:275)
	at javafx.fxml@19/com.sun.javafx.fxml.MethodHelper.invoke(MethodHelper.java:84)
	at javafx.fxml@19/javafx.fxml.FXMLLoader$MethodHandler.invoke(FXMLLoader.java:1854)
	at javafx.fxml@19/javafx.fxml.FXMLLoader$ControllerMethodEventHandler.handle(FXMLLoader.java:1724)
	at javafx.base@19/com.sun.javafx.event.CompositeEventHandler.dispatchBubblingEvent(CompositeEventHandler.java:86)
	at javafx.base@19/com.sun.javafx.event.EventHandlerManager.dispatchBubblingEvent(EventHandlerManager.java:234)
	at javafx.base@19/com.sun.javafx.event.EventHandlerManager.dispatchBubblingEvent(EventHandlerManager.java:191)
	at javafx.base@19/com.sun.javafx.event.CompositeEventDispatcher.dispatchBubblingEvent(CompositeEventDispatcher.java:59)
	at javafx.base@19/com.sun.javafx.event.BasicEventDispatcher.dispatchEvent(BasicEventDispatcher.java:58)
	at javafx.base@19/com.sun.javafx.event.EventDispatchChainImpl.dispatchEvent(EventDispatchChainImpl.java:114)
	at javafx.base@19/com.sun.javafx.event.BasicEventDispatcher.dispatchEvent(BasicEventDispatcher.java:56)
	at javafx.base@19/com.sun.javafx.event.EventDispatchChainImpl.dispatchEvent(EventDispatchChainImpl.java:114)
	at javafx.base@19/com.sun.javafx.event.BasicEventDispatcher.dispatchEvent(BasicEventDispatcher.java:56)
	at javafx.base@19/com.sun.javafx.event.EventDispatchChainImpl.dispatchEvent(EventDispatchChainImpl.java:114)
	at javafx.base@19/com.sun.javafx.event.EventUtil.fireEventImpl(EventUtil.java:74)
	at javafx.base@19/com.sun.javafx.event.EventUtil.fireEvent(EventUtil.java:49)
	at javafx.base@19/javafx.event.Event.fireEvent(Event.java:198)
	at javafx.graphics@19/javafx.scene.Node.fireEvent(Node.java:8923)
	at javafx.controls@19/javafx.scene.control.Button.fire(Button.java:203)
	at javafx.controls@19/com.sun.javafx.scene.control.behavior.ButtonBehavior.mouseReleased(ButtonBehavior.java:207)
	at javafx.controls@19/com.sun.javafx.scene.control.inputmap.InputMap.handle(InputMap.java:274)
	at javafx.base@19/com.sun.javafx.event.CompositeEventHandler$NormalEventHandlerRecord.handleBubblingEvent(CompositeEventHandler.java:247)
	at javafx.base@19/com.sun.javafx.event.CompositeEventHandler.dispatchBubblingEvent(CompositeEventHandler.java:80)
	at javafx.base@19/com.sun.javafx.event.EventHandlerManager.dispatchBubblingEvent(EventHandlerManager.java:234)
	at javafx.base@19/com.sun.javafx.event.EventHandlerManager.dispatchBubblingEvent(EventHandlerManager.java:191)
	at javafx.base@19/com.sun.javafx.event.CompositeEventDispatcher.dispatchBubblingEvent(CompositeEventDispatcher.java:59)
	at javafx.base@19/com.sun.javafx.event.BasicEventDispatcher.dispatchEvent(BasicEventDispatcher.java:58)
	at javafx.base@19/com.sun.javafx.event.EventDispatchChainImpl.dispatchEvent(EventDispatchChainImpl.java:114)
	at javafx.base@19/com.sun.javafx.event.BasicEventDispatcher.dispatchEvent(BasicEventDispatcher.java:56)
	at javafx.base@19/com.sun.javafx.event.EventDispatchChainImpl.dispatchEvent(EventDispatchChainImpl.java:114)
	at javafx.base@19/com.sun.javafx.event.BasicEventDispatcher.dispatchEvent(BasicEventDispatcher.java:56)
	at javafx.base@19/com.sun.javafx.event.EventDispatchChainImpl.dispatchEvent(EventDispatchChainImpl.java:114)
	at javafx.base@19/com.sun.javafx.event.EventUtil.fireEventImpl(EventUtil.java:74)
	at javafx.base@19/com.sun.javafx.event.EventUtil.fireEvent(EventUtil.java:54)
	at javafx.base@19/javafx.event.Event.fireEvent(Event.java:198)
	at javafx.graphics@19/javafx.scene.Scene$MouseHandler.process(Scene.java:3894)
	at javafx.graphics@19/javafx.scene.Scene.processMouseEvent(Scene.java:1887)
	at javafx.graphics@19/javafx.scene.Scene$ScenePeerListener.mouseEvent(Scene.java:2620)
	at javafx.graphics@19/com.sun.javafx.tk.quantum.GlassViewEventHandler$MouseEventNotification.run(GlassViewEventHandler.java:411)
	at javafx.graphics@19/com.sun.javafx.tk.quantum.GlassViewEventHandler$MouseEventNotification.run(GlassViewEventHandler.java:301)
	at java.base/java.security.AccessController.doPrivileged(AccessController.java:399)
	at javafx.graphics@19/com.sun.javafx.tk.quantum.GlassViewEventHandler.lambda$handleMouseEvent$2(GlassViewEventHandler.java:450)
	at javafx.graphics@19/com.sun.javafx.tk.quantum.QuantumToolkit.runWithoutRenderLock(QuantumToolkit.java:424)
	at javafx.graphics@19/com.sun.javafx.tk.quantum.GlassViewEventHandler.handleMouseEvent(GlassViewEventHandler.java:449)
	at javafx.graphics@19/com.sun.glass.ui.View.handleMouseEvent(View.java:551)
	at javafx.graphics@19/com.sun.glass.ui.View.notifyMouse(View.java:937)
	at javafx.graphics@19/com.sun.glass.ui.win.WinApplication._runLoop(Native Method)
	at javafx.graphics@19/com.sun.glass.ui.win.WinApplication.lambda$runLoop$3(WinApplication.java:184)
	at java.base/java.lang.Thread.run(Thread.java:833)
Caused by: java.io.EOFException
	at java.base/java.io.ObjectInputStream$BlockDataInputStream.peekByte(ObjectInputStream.java:3192)
	at java.base/java.io.ObjectInputStream.readObject0(ObjectInputStream.java:1693)
	at java.base/java.io.ObjectInputStream.readObject(ObjectInputStream.java:514)
	at java.base/java.io.ObjectInputStream.readObject(ObjectInputStream.java:472)
	at ModelProject@2.0-SNAPSHOT/org.example.FileSudokuBoardDao.loadBoards(FileSudokuBoardDao.java:68)
	... 59 more
2022-12-17 22:08:26 INFO  Menu:67 - Wybrano poziom 2
2022-12-17 22:15:47 INFO  Menu:72 - Wybrano poziom 3
2022-12-17 22:18:04 INFO  Menu:67 - Wybrano poziom 2
2022-12-17 22:19:18 INFO  Menu:72 - Wybrano poziom 3
2022-12-18 00:52:49 INFO  Menu:67 - Wybrano poziom 2
2022-12-18 00:55:24 INFO  Menu:62 - Wybrano poziom 1
2022-12-18 00:59:21 INFO  Menu:72 - Wybrano poziom 3
2022-12-18 01:04:27 INFO  Menu:72 - Wybrano poziom 3
2022-12-18 12:53:49 INFO  Menu:62 - Wybrano poziom 1
2022-12-18 12:55:18 INFO  Menu:67 - Wybrano poziom 2
2022-12-18 12:58:32 INFO  Menu:62 - Wybrano poziom 1
2022-12-18 12:58:47 INFO  Menu:67 - Wybrano poziom 2
2022-12-18 12:59:31 INFO  Menu:62 - Wybrano poziom 1
2022-12-18 13:00:31 INFO  Menu:62 - Wybrano poziom 1
2022-12-18 13:46:38 INFO  Menu:61 - Wybrano poziom 1
2022-12-18 13:46:45 INFO  Menu:61 - Wybrano poziom 1
2022-12-18 16:54:04 INFO  Menu:66 - Wybrano poziom 2
2022-12-18 16:55:24 INFO  Menu:71 - Wybrano poziom 3
2022-12-18 18:30:46 INFO  Menu:71 - Wybrano poziom 3
2022-12-18 18:51:13 INFO  Menu:66 - Wybrano poziom 2
2022-12-18 18:58:01 INFO  Menu:66 - Wybrano poziom 2
2022-12-18 19:16:44 INFO  Menu:71 - Wybrano poziom 3
2022-12-18 19:36:51 INFO  Menu:66 - Wybrano poziom 2
2022-12-18 19:53:29 INFO  Menu:71 - Wybrano poziom 3
2022-12-18 19:54:30 INFO  Menu:66 - Wybrano poziom 2
2022-12-18 19:58:56 INFO  Menu:66 - Wybrano poziom 2
2022-12-18 19:59:20 INFO  Menu:66 - Wybrano poziom 2
2022-12-18 20:00:04 INFO  Menu:66 - Wybrano poziom 2
2022-12-18 20:21:33 INFO  Menu:66 - Wybrano poziom 2
2022-12-18 21:23:42 INFO  Menu:71 - Wybrano poziom 3
2022-12-18 21:46:12 INFO  Menu:62 - Wybrano poziom 1
2022-12-19 10:36:46 INFO  Menu:62 - Wybrano poziom 1
2022-12-19 10:40:53 INFO  Menu:62 - Wybrano poziom 1
2022-12-26 13:09:37 INFO  Menu:67 - Wybrano poziom 2
2022-12-26 13:09:59 INFO  Menu:62 - Wybrano poziom 1
2022-12-26 13:10:21 INFO  Menu:62 - Wybrano poziom 1
2022-12-26 13:10:39 INFO  Menu:62 - Wybrano poziom 1
2022-12-26 15:05:51 INFO  Menu:67 - Wybrano poziom 1
2022-12-26 15:06:30 INFO  Menu:67 - Wybrano poziom 1
2022-12-26 15:09:27 INFO  Menu:67 - Wybrano poziom 1
2022-12-26 15:24:08 INFO  Menu:67 - Wybrano poziom 1
2022-12-26 15:30:59 INFO  Menu:67 - Wybrano poziom 1
2022-12-26 15:35:44 INFO  Menu:67 - Wybrano poziom 1
2022-12-26 15:39:27 INFO  Menu:67 - Wybrano poziom 1
2022-12-26 18:08:22 INFO  Menu:67 - Wybrano poziom 1
2022-12-26 18:08:25 INFO  Menu:72 - Wybrano poziom 2
2022-12-26 18:08:29 INFO  Menu:77 - Wybrano poziom 3
2022-12-26 18:33:16 INFO  Menu:67 - Wybrano poziom 1
2022-12-26 18:43:20 INFO  Menu:67 - Wybrano poziom 1
2022-12-26 18:45:10 INFO  Menu:67 - Wybrano poziom 1
2022-12-26 18:45:47 INFO  Menu:67 - Wybrano poziom 1
2022-12-26 18:48:20 INFO  Menu:67 - Wybrano poziom 1
2022-12-26 18:49:54 INFO  Menu:67 - Wybrano poziom 1
2022-12-26 18:50:54 INFO  Menu:67 - Wybrano poziom 1
2022-12-26 19:03:18 INFO  Menu:67 - Wybrano poziom 1
2022-12-26 19:10:36 INFO  Menu:64 - Wybrano poziom 1
2022-12-26 19:12:52 INFO  Menu:64 - Wybrano poziom 1
2022-12-26 19:15:25 INFO  Menu:69 - Wybrano poziom 2
2022-12-26 19:16:59 INFO  Menu:74 - Wybrano poziom 3
2022-12-26 19:18:03 INFO  Menu:64 - Wybrano poziom 1
2022-12-26 19:18:17 INFO  Menu:69 - Wybrano poziom 2
2022-12-26 19:29:30 INFO  Menu:74 - Wybrano poziom 3
2022-12-26 19:30:07 INFO  Menu:69 - Wybrano poziom 2
2022-12-26 19:35:40 INFO  Menu:69 - Wybrano poziom 2
2022-12-26 19:37:34 INFO  Menu:64 - Wybrano poziom 1
2022-12-26 19:39:08 INFO  Menu:69 - Wybrano poziom 2
2023-01-04 14:10:51 INFO  Menu:64 - Wybrano poziom 1
2023-01-04 14:11:09 INFO  Menu:64 - Wybrano poziom 1
2023-01-04 15:31:55 INFO  Menu:64 - Wybrano poziom 1
2023-01-04 15:49:50 INFO  Menu:74 - Wybrano poziom 3
2023-01-04 15:50:11 INFO  Menu:64 - Wybrano poziom 1
2023-01-04 15:51:33 INFO  Menu:64 - Wybrano poziom 1
2023-01-04 16:31:29 INFO  Menu:74 - Wybrano poziom 3
2023-01-05 12:55:10 INFO  Menu:64 - Wybrano poziom 1
2023-01-05 12:56:57 INFO  Menu:64 - Wybrano poziom 1
2023-01-05 12:57:48 INFO  Menu:69 - Wybrano poziom 2
2023-01-05 12:58:45 INFO  Menu:64 - Wybrano poziom 1
2023-01-05 13:08:28 INFO  Menu:64 - Wybrano poziom 1
2023-01-05 13:11:58 INFO  Menu:64 - Wybrano poziom 1
2023-01-05 13:12:46 INFO  Menu:64 - Wybrano poziom 1
2023-01-05 13:15:15 INFO  Menu:64 - Wybrano poziom 1
2023-01-05 13:17:24 INFO  Menu:64 - Wybrano poziom 1
2023-01-05 13:18:22 INFO  Menu:64 - Wybrano poziom 1
2023-01-05 13:19:06 INFO  Menu:64 - Wybrano poziom 1
2023-01-05 13:19:35 INFO  Menu:64 - Wybrano poziom 1
2023-01-05 13:21:44 INFO  Menu:64 - Wybrano poziom 1
2023-01-05 13:23:43 INFO  Menu:64 - Wybrano poziom 1
2023-01-05 13:25:42 INFO  Menu:64 - Wybrano poziom 1
2023-01-05 13:26:29 INFO  Menu:69 - Wybrano poziom 2
2023-01-05 13:28:14 INFO  Menu:69 - Wybrano poziom 2
2023-01-05 13:28:22 INFO  Menu:74 - Wybrano poziom 3
2023-01-05 13:29:13 INFO  Menu:64 - Wybrano poziom 1
2023-01-05 13:56:15 INFO  Menu:64 - Wybrano poziom 1
2023-01-05 13:56:32 INFO  Menu:69 - Wybrano poziom 2
2023-01-05 13:57:46 INFO  Menu:74 - Wybrano poziom 3
2023-01-05 14:03:43 INFO  Menu:74 - Wybrano poziom 3
2023-01-05 14:04:55 INFO  Menu:69 - Wybrano poziom 2
2023-01-05 14:05:03 INFO  Menu:74 - Wybrano poziom 3
2023-01-05 14:10:17 INFO  Menu:64 - Wybrano poziom 1
2023-01-05 14:12:40 INFO  Menu:64 - Wybrano poziom 1
2023-01-05 14:13:18 INFO  Menu:74 - Wybrano poziom 3
2023-01-05 14:13:47 INFO  Menu:74 - Wybrano poziom 3
2023-01-05 14:17:21 INFO  Menu:64 - Wybrano poziom 1
2023-01-05 14:17:29 INFO  Menu:69 - Wybrano poziom 2
2023-01-05 14:28:25 INFO  Menu:74 - Wybrano poziom 3
2023-01-05 14:29:40 INFO  Menu:74 - Wybrano poziom 3
2023-01-05 14:30:37 INFO  Menu:69 - Wybrano poziom 2
2023-01-05 14:32:48 INFO  Menu:74 - Wybrano poziom 3
2023-01-05 14:32:57 INFO  Menu:69 - Wybrano poziom 2
2023-01-05 14:33:48 INFO  Menu:74 - Wybrano poziom 3
2023-01-05 14:35:51 INFO  Menu:74 - Wybrano poziom 3
2023-01-05 14:40:37 INFO  Menu:74 - Wybrano poziom 3
2023-01-05 14:42:40 INFO  Menu:74 - Wybrano poziom 3
2023-01-05 14:43:31 INFO  Menu:74 - Wybrano poziom 3
2023-01-05 14:44:34 INFO  Menu:74 - Wybrano poziom 3
2023-01-05 14:45:38 INFO  Menu:74 - Wybrano poziom 3
2023-01-05 14:46:01 INFO  Menu:74 - Wybrano poziom 3
2023-01-05 14:46:43 INFO  Menu:74 - Wybrano poziom 3
2023-01-05 14:47:47 INFO  Menu:74 - Wybrano poziom 3
2023-01-05 14:48:17 INFO  Menu:64 - Wybrano poziom 1
2023-01-05 14:49:58 INFO  Menu:64 - Wybrano poziom 1
2023-01-05 14:50:41 INFO  Menu:64 - Wybrano poziom 1
2023-01-05 14:52:32 INFO  Menu:64 - Wybrano poziom 1
2023-01-05 14:52:40 INFO  Menu:69 - Wybrano poziom 2
2023-01-05 14:53:40 INFO  Menu:74 - Wybrano poziom 3
2023-01-05 14:54:26 INFO  Menu:74 - Wybrano poziom 3
2023-01-05 14:54:32 INFO  Menu:69 - Wybrano poziom 2
2023-01-05 14:54:50 INFO  Menu:64 - Wybrano poziom 1
2023-01-05 14:57:36 INFO  Menu:74 - Wybrano poziom 3
2023-01-05 14:58:01 INFO  Menu:64 - Wybrano poziom 1
2023-01-05 14:58:10 INFO  Menu:69 - Wybrano poziom 2
2023-01-05 14:59:52 INFO  Menu:64 - Wybrano poziom 1
2023-01-05 15:00:05 INFO  Menu:69 - Wybrano poziom 2
2023-01-05 15:00:51 INFO  Menu:64 - Wybrano poziom 1
2023-01-05 15:01:37 INFO  Menu:69 - Wybrano poziom 2
2023-01-05 15:01:43 INFO  Menu:74 - Wybrano poziom 3
2023-01-05 15:03:50 INFO  Menu:74 - Wybrano poziom 3
2023-01-05 15:03:57 INFO  Menu:69 - Wybrano poziom 2
2023-01-05 15:04:10 INFO  Menu:64 - Wybrano poziom 1
2023-01-05 15:11:47 INFO  Menu:69 - Wybrano poziom 2
2023-01-05 15:11:53 INFO  Menu:64 - Wybrano poziom 1
2023-01-05 15:13:20 INFO  Menu:74 - Wybrano poziom 3
2023-01-05 15:13:30 INFO  Menu:69 - Wybrano poziom 2
2023-01-05 15:14:19 INFO  Menu:64 - Wybrano poziom 1
2023-01-05 15:14:27 INFO  Menu:69 - Wybrano poziom 2
2023-01-05 15:15:03 INFO  Menu:64 - Wybrano poziom 1
2023-01-05 15:15:48 INFO  Menu:64 - Wybrano poziom 1
2023-01-05 15:16:02 INFO  Menu:64 - Wybrano poziom 1
2023-01-05 15:16:29 INFO  Menu:74 - Wybrano poziom 3
2023-01-05 15:17:16 INFO  Menu:74 - Wybrano poziom 3
2023-01-05 15:17:26 INFO  Menu:69 - Wybrano poziom 2
2023-01-05 15:18:14 INFO  Menu:74 - Wybrano poziom 3
2023-01-05 15:20:26 INFO  Menu:74 - Wybrano poziom 3
2023-01-05 15:20:34 INFO  Menu:69 - Wybrano poziom 2
2023-01-05 15:21:52 INFO  Menu:69 - Wybrano poziom 2
2023-01-05 15:22:57 INFO  Menu:74 - Wybrano poziom 3
2023-01-05 15:25:59 INFO  Menu:69 - Wybrano poziom 2
2023-01-05 15:26:42 INFO  Menu:69 - Wybrano poziom 2
2023-01-05 15:27:48 INFO  Menu:69 - Wybrano poziom 2
2023-01-05 15:28:51 INFO  Menu:69 - Wybrano poziom 2
2023-01-05 15:30:27 INFO  Menu:69 - Wybrano poziom 2
2023-01-05 15:30:46 INFO  Menu:74 - Wybrano poziom 3
2023-01-05 15:59:43 INFO  Menu:69 - Wybrano poziom 2
2023-01-05 16:04:15 INFO  Menu:69 - Wybrano poziom 2
2023-01-05 16:04:22 INFO  Menu:74 - Wybrano poziom 3
2023-01-05 16:12:06 INFO  Menu:74 - Wybrano poziom 3
2023-01-05 16:12:13 INFO  Menu:69 - Wybrano poziom 2
2023-01-05 16:15:00 INFO  Menu:74 - Wybrano poziom 3
2023-01-05 16:16:20 INFO  Menu:74 - Wybrano poziom 3
2023-01-05 16:16:47 INFO  Menu:74 - Wybrano poziom 3
2023-01-05 16:18:59 INFO  Menu:64 - Wybrano poziom 1
2023-01-05 16:23:16 INFO  Menu:64 - Wybrano poziom 1
2023-01-05 16:24:32 INFO  Menu:64 - Wybrano poziom 1
2023-01-05 16:25:01 INFO  Menu:64 - Wybrano poziom 1
2023-01-05 16:25:10 INFO  Menu:69 - Wybrano poziom 2
2023-01-05 16:26:07 INFO  Menu:74 - Wybrano poziom 3
2023-01-05 16:26:15 INFO  Menu:69 - Wybrano poziom 2
2023-01-05 16:26:29 INFO  Menu:64 - Wybrano poziom 1
2023-01-05 16:29:41 INFO  Menu:64 - Wybrano poziom 1
2023-01-05 16:31:05 INFO  Menu:64 - Wybrano poziom 1
2023-01-05 16:31:12 INFO  Menu:69 - Wybrano poziom 2
2023-01-05 16:35:17 INFO  Menu:64 - Wybrano poziom 1
2023-01-05 16:35:54 INFO  Menu:64 - Wybrano poziom 1
2023-01-05 16:36:17 INFO  Menu:74 - Wybrano poziom 3
2023-01-05 16:43:04 INFO  Menu:69 - Wybrano poziom 2
2023-01-05 16:43:11 INFO  Menu:64 - Wybrano poziom 1
2023-01-05 16:43:17 INFO  Menu:74 - Wybrano poziom 3
2023-01-05 16:43:59 INFO  Menu:69 - Wybrano poziom 2
2023-01-05 16:48:23 INFO  Menu:64 - Wybrano poziom 1
2023-01-05 16:58:13 INFO  Menu:64 - Wybrano poziom 1
2023-01-05 16:58:21 INFO  Menu:69 - Wybrano poziom 2
2023-01-05 16:58:28 INFO  Menu:74 - Wybrano poziom 3
2023-01-05 17:00:17 INFO  Menu:64 - Wybrano poziom 1
2023-01-05 17:00:24 INFO  Menu:69 - Wybrano poziom 2
2023-01-05 17:00:31 INFO  Menu:74 - Wybrano poziom 3
2023-01-05 17:07:58 INFO  Menu:64 - Wybrano poziom 1
2023-01-05 17:08:04 INFO  Menu:69 - Wybrano poziom 2
2023-01-05 17:09:51 INFO  Menu:64 - Wybrano poziom 1
2023-01-05 17:09:57 INFO  Menu:69 - Wybrano poziom 2
2023-01-05 17:17:23 INFO  Menu:64 - Wybrano poziom 1
2023-01-05 17:17:31 INFO  Menu:69 - Wybrano poziom 2
2023-01-05 17:17:40 INFO  Menu:64 - You have chosen level 1
2023-01-05 17:24:15 INFO  Menu:75 - Wybrano poziom 3
2023-01-05 17:24:18 INFO  Menu:70 - Wybrano poziom 2
2023-01-05 17:24:20 INFO  Menu:65 - Wybrano poziom 1
2023-01-05 17:24:23 INFO  Menu:70 - You have chosen level 2
2023-01-05 17:24:25 INFO  Menu:65 - You have chosen level 1
2023-01-05 17:24:28 INFO  Menu:75 - You have chosen level 3
2023-01-05 17:37:33 INFO  Menu:64 - Wybrano poziom 1
2023-01-05 17:37:44 INFO  Menu:69 - Wybrano poziom 2
2023-01-05 17:53:41 INFO  Menu:69 - Wybrano poziom 2
2023-01-05 17:57:42 INFO  Menu:69 - Wybrano poziom 2
2023-01-05 17:57:54 INFO  Menu:74 - Wybrano poziom 3
2023-01-08 15:02:53 INFO  Menu:64 - Wybrano poziom 1
2023-01-08 22:37:27 INFO  Menu:69 - Wybrano poziom 2
2023-01-08 22:39:01 INFO  Menu:74 - Wybrano poziom 3
2023-01-08 22:42:13 INFO  Menu:74 - Wybrano poziom 3
2023-01-08 22:43:47 INFO  Menu:74 - Wybrano poziom 3
2023-01-08 22:44:07 INFO  Menu:64 - Wybrano poziom 1
2023-01-08 22:45:51 ERROR GameForm:75 - printes
2023-01-08 22:45:51 INFO  Menu:70 - Wybrano poziom 2
2023-01-08 22:46:16 ERROR GameForm:75 - printes
2023-01-08 22:46:17 INFO  Menu:75 - Wybrano poziom 3
2023-01-08 22:46:57 INFO  Menu:70 - Wybrano poziom 2
2023-01-08 22:50:31 ERROR GameForm:56 - 0  7  6    0  0  3    9  0  1    
8  0  0    6  1  0    4  2  7    
4  0  1    9  0  0    0  0  6    

6  0  8    3  7  9    2  1  0    
1  9  3    0  0  2    0  7  0    
7  0  2    5  0  0    0  0  8    

3  8  7    0  5  4    0  6  0    
2  6  4    1  9  0    7  0  0    
9  1  5    7  3  0    0  4  2    


2023-01-08 22:50:32 INFO  Menu:75 - Wybrano poziom 3
2023-01-08 22:51:32 ERROR GameForm:56 - 7  0  0    0  6  8    9  4  2    
0  0  4    9  3  1    6  8  7    
6  9  0    4  7  0    0  0  0    

1  0  9    0  2  6    0  7  0    
4  0  6    1  5  7    0  3  0    
0  0  3    0  4  0    0  0  0    

3  4  2    6  1  0    7  9  0    
8  6  5    7  0  4    2  1  3    
9  1  0    0  0  3    4  0  5    


2023-01-08 22:51:33 INFO  Menu:75 - Wybrano poziom 3
2023-01-08 22:51:53 ERROR GameForm:198 - 7  1  1    1  6  8    9  4  2    
1  1  4    9  3  1    6  8  7    
6  9  0    4  7  1    1  1  1    

1  0  9    0  2  6    0  7  1    
4  0  6    1  5  7    1  3  1    
0  0  3    0  4  0    1  0  1    

3  4  2    6  1  0    7  9  1    
8  6  5    7  0  4    2  1  3    
9  1  0    0  0  3    4  0  5    


2023-01-08 22:51:53 ERROR GameForm:199 - 7  1  1    1  6  8    9  4  2    
1  1  4    9  3  1    6  8  7    
6  9  0    4  7  1    1  1  1    

1  0  9    0  2  6    0  7  1    
4  0  6    1  5  7    1  3  1    
0  0  3    0  4  0    1  0  1    

3  4  2    6  1  0    7  9  1    
8  6  5    7  0  4    2  1  3    
9  1  0    0  0  3    4  0  5    


2023-01-08 22:53:05 ERROR GameForm:56 - 1  3  8    9  4  0    2  0  0    
6  7  0    0  0  2    0  5  9    
5  0  0    0  7  0    3  8  4    

0  1  0    5  8  9    6  2  7    
7  0  6    2  0  0    9  0  0    
0  5  9    7  0  4    0  1  3    

8  2  7    4  9  6    0  3  0    
9  4  0    3  0  0    7  6  2    
0  0  5    0  2  0    4  0  8    


2023-01-08 22:53:06 INFO  Menu:75 - Wybrano poziom 3
2023-01-08 22:53:19 ERROR GameForm:198 - 1  3  8    9  4  1    2  1  1    
6  7  1    1  1  2    1  5  9    
5  1  1    1  7  0    3  8  4    

1  1  1    5  8  9    6  2  7    
7  1  6    2  0  0    9  1  0    
1  5  9    7  0  4    0  1  3    

8  2  7    4  9  6    0  3  0    
9  4  0    3  0  0    7  6  2    
0  0  5    0  2  0    4  0  8    


2023-01-08 22:53:19 ERROR GameForm:199 - Miedzy 1 tablica a druga
2023-01-08 22:53:19 ERROR GameForm:200 - 1  3  8    9  4  1    2  1  1    
6  7  1    1  1  2    1  5  9    
5  1  1    1  7  0    3  8  4    

1  1  1    5  8  9    6  2  7    
7  1  6    2  0  0    9  1  0    
1  5  9    7  0  4    0  1  3    

8  2  7    4  9  6    0  3  0    
9  4  0    3  0  0    7  6  2    
0  0  5    0  2  0    4  0  8    


2023-01-08 23:06:23 ERROR GameForm:198 - 1  3  8    9  4  1    2  1  1    
6  7  1    1  1  2    1  5  9    
5  1  1    1  7  0    3  8  4    

1  1  1    5  8  9    6  2  7    
7  1  6    2  0  0    9  1  0    
1  5  9    7  0  4    0  1  3    

8  2  7    4  9  6    0  3  0    
9  4  0    3  0  0    7  6  2    
0  0  5    0  2  0    4  0  8    


2023-01-08 23:06:23 ERROR GameForm:199 - Miedzy 1 tablica a druga
2023-01-08 23:06:23 ERROR GameForm:200 - 1  3  8    9  4  1    2  1  1    
6  7  1    1  1  2    1  5  9    
5  1  1    1  7  0    3  8  4    

1  1  1    5  8  9    6  2  7    
7  1  6    2  0  0    9  1  0    
1  5  9    7  0  4    0  1  3    

8  2  7    4  9  6    0  3  0    
9  4  0    3  0  0    7  6  2    
0  0  5    0  2  0    4  0  8    


2023-01-08 23:06:28 ERROR GameForm:56 - 0  0  0    0  7  6    8  1  9    
0  0  0    4  0  3    5  2  0    
2  0  6    1  0  0    3  4  7    

3  0  5    6  0  9    7  0  1    
9  7  4    3  0  0    6  5  0    
8  6  1    0  5  0    4  0  3    

0  3  7    8  2  1    9  0  0    
6  0  2    0  0  4    1  0  8    
1  5  8    0  0  7    2  3  0    


2023-01-08 23:06:28 INFO  Menu:75 - Wybrano poziom 3
2023-01-08 23:06:37 ERROR GameForm:198 - 2  1  3    7  7  6    8  1  9    
0  0  0    4  0  3    5  2  0    
2  0  6    1  0  0    3  4  7    

3  0  5    6  0  9    7  0  1    
9  7  4    3  0  0    6  5  0    
8  6  1    0  5  0    4  0  3    

0  3  7    8  2  1    9  0  0    
6  0  2    0  0  4    1  0  8    
1  5  8    0  0  7    2  3  0    


2023-01-08 23:06:37 ERROR GameForm:199 - Miedzy 1 tablica a druga
2023-01-08 23:06:37 ERROR GameForm:200 - 2  1  3    7  7  6    8  1  9    
0  0  0    4  0  3    5  2  0    
2  0  6    1  0  0    3  4  7    

3  0  5    6  0  9    7  0  1    
9  7  4    3  0  0    6  5  0    
8  6  1    0  5  0    4  0  3    

0  3  7    8  2  1    9  0  0    
6  0  2    0  0  4    1  0  8    
1  5  8    0  0  7    2  3  0    


2023-01-08 23:10:26 ERROR GameForm:198 - 2  1  3    7  7  6    8  1  9    
0  0  0    4  0  3    5  2  0    
2  0  6    1  0  0    3  4  7    

3  0  5    6  0  9    7  0  1    
9  7  4    3  0  0    6  5  0    
8  6  1    0  5  0    4  0  3    

0  3  7    8  2  1    9  0  0    
6  0  2    0  0  4    1  0  8    
1  5  8    0  0  7    2  3  0    


2023-01-08 23:10:26 ERROR GameForm:199 - Miedzy 1 tablica a druga
2023-01-08 23:10:26 ERROR GameForm:200 - 2  1  3    7  7  6    8  1  9    
0  0  0    4  0  3    5  2  0    
2  0  6    1  0  0    3  4  7    

3  0  5    6  0  9    7  0  1    
9  7  4    3  0  0    6  5  0    
8  6  1    0  5  0    4  0  3    

0  3  7    8  2  1    9  0  0    
6  0  2    0  0  4    1  0  8    
1  5  8    0  0  7    2  3  0    


2023-01-08 23:12:12 ERROR GameForm:56 - 1  0  6    8  0  7    9  2  0    
0  2  9    3  1  0    5  7  8    
0  7  5    9  4  0    6  1  0    

9  0  4    2  8  1    0  6  0    
7  1  3    0  0  0    8  9  2    
2  6  0    7  9  3    4  0  1    

5  9  7    1  3  8    2  0  6    
3  4  2    6  0  9    1  8  5    
6  0  1    4  0  5    7  3  0    


2023-01-08 23:12:12 INFO  Menu:70 - Wybrano poziom 2
2023-01-08 23:12:26 ERROR GameForm:198 - 1  2  6    8  2  7    9  2  2    
2  2  9    3  1  2    5  7  8    
2  7  5    9  4  2    6  1  0    

9  0  4    2  8  1    0  6  0    
7  1  3    0  0  0    8  9  2    
2  6  0    7  9  3    4  0  1    

5  9  7    1  3  8    2  0  6    
3  4  2    6  0  9    1  8  5    
6  0  1    4  0  5    7  3  0    


2023-01-08 23:12:26 ERROR GameForm:199 - Miedzy 1 tablica a druga
2023-01-08 23:12:26 ERROR GameForm:200 - 1  2  6    8  2  7    9  2  2    
2  2  9    3  1  2    5  7  8    
2  7  5    9  4  2    6  1  0    

9  0  4    2  8  1    0  6  0    
7  1  3    0  0  0    8  9  2    
2  6  0    7  9  3    4  0  1    

5  9  7    1  3  8    2  0  6    
3  4  2    6  0  9    1  8  5    
6  0  1    4  0  5    7  3  0    


2023-01-08 23:16:32 ERROR GameForm:55 - 2  5  7    4  0  9    1  3  6    
9  0  8    6  3  0    4  5  2    
3  6  0    0  2  1    9  7  8    

0  9  0    7  4  8    0  6  3    
7  3  2    0  5  0    8  4  1    
0  8  0    0  0  3    7  9  5    

6  2  0    3  7  4    0  8  9    
5  4  9    8  0  2    3  1  7    
0  7  0    0  9  5    6  2  0    


2023-01-08 23:16:32 ERROR GameForm:81 - 2  5  7    4  0  9    1  3  6    
9  0  8    6  3  0    4  5  2    
3  6  0    0  2  1    9  7  8    

0  9  0    7  4  8    0  6  3    
7  3  2    0  5  0    8  4  1    
0  8  0    0  0  3    7  9  5    

6  2  0    3  7  4    0  8  9    
5  4  9    8  0  2    3  1  7    
0  7  0    0  9  5    6  2  0    

klonzapisany
2023-01-08 23:16:33 INFO  Menu:70 - Wybrano poziom 2
2023-01-08 23:16:49 ERROR GameForm:200 - 2  5  7    4  0  9    1  3  6    
9  0  8    6  3  0    4  5  2    
3  6  0    0  2  1    9  7  8    

0  9  0    7  4  8    0  6  3    
7  3  2    0  5  0    8  4  1    
0  8  0    0  0  3    7  9  5    

6  2  0    3  7  4    0  8  9    
5  4  9    8  0  2    3  1  7    
0  7  0    0  9  5    6  2  0    


2023-01-08 23:16:49 ERROR GameForm:201 - Miedzy 1 tablica a druga
2023-01-08 23:16:49 ERROR GameForm:202 - 2  5  7    4  0  9    1  3  6    
9  1  8    6  3  1    4  5  2    
3  6  0    0  2  1    9  7  8    

0  9  0    7  4  8    0  6  3    
7  3  2    0  5  0    8  4  1    
0  8  0    0  0  3    7  9  5    

6  2  0    3  7  4    0  8  9    
5  4  9    8  0  2    3  1  7    
0  7  0    0  9  5    6  2  0    


2023-01-08 23:18:43 ERROR GameForm:55 - 9  0  5    1  2  7    4  3  0    
2  6  4    0  0  0    8  0  0    
1  3  0    4  0  8    0  5  2    

3  4  6    7  0  2    0  0  8    
0  7  0    0  9  3    0  0  5    
5  0  2    8  1  0    7  6  0    

6  0  8    9  0  5    0  7  0    
4  0  3    2  7  6    5  8  0    
7  5  0    0  8  0    0  2  4    


2023-01-08 23:18:43 ERROR GameForm:81 - 9  0  5    1  2  7    4  3  0    
2  6  4    0  0  0    8  0  0    
1  3  0    4  0  8    0  5  2    

3  4  6    7  0  2    0  0  8    
0  7  0    0  9  3    0  0  5    
5  0  2    8  1  0    7  6  0    

6  0  8    9  0  5    0  7  0    
4  0  3    2  7  6    5  8  0    
7  5  0    0  8  0    0  2  4    

klonzapisany
2023-01-08 23:18:43 INFO  Menu:75 - Wybrano poziom 3
2023-01-08 23:18:49 ERROR GameForm:200 - 9  0  5    1  2  7    4  3  0    
2  6  4    0  0  0    8  0  0    
1  3  0    4  0  8    0  5  2    

3  4  6    7  0  2    0  0  8    
0  7  0    0  9  3    0  0  5    
5  0  2    8  1  0    7  6  0    

6  0  8    9  0  5    0  7  0    
4  0  3    2  7  6    5  8  0    
7  5  0    0  8  0    0  2  4    


2023-01-08 23:18:49 ERROR GameForm:201 - Miedzy 1 tablica a druga
2023-01-08 23:18:49 ERROR GameForm:202 - 9  0  5    1  2  7    4  3  1    
2  6  4    1  1  1    8  1  1    
1  3  0    4  0  8    0  5  2    

3  4  6    7  0  2    0  0  8    
0  7  0    0  9  3    0  0  5    
5  0  2    8  1  0    7  6  0    

6  0  8    9  0  5    0  7  0    
4  0  3    2  7  6    5  8  0    
7  5  0    0  8  0    0  2  4    


